<?xml version="1.0" encoding="UTF-8"?>
<testsuites name="jest tests" tests="5" failures="0" time="11.103">
  <testsuite name="Zadanie nr. 2" errors="0" failures="0" skipped="0" timestamp="2022-12-26T21:20:18" time="7.843" tests="5">
    <testcase classname="Zadanie nr. 2" name="Dodano uporządkowaną listę" time="0.015">
    </testcase>
    <testcase classname="Zadanie nr. 2" name="Dodano 5 elementów listy" time="0.007">
    </testcase>
    <testcase classname="Zadanie nr. 2" name="Każdy LI ma span oraz checkbox" time="0.014">
    </testcase>
    <testcase classname="Zadanie nr. 2" name="Każdy nieparzysty LI ma odpowiedni kolor" time="0.005">
    </testcase>
    <testcase classname="Zadanie nr. 2" name="Każdy parzysty LI ma odpowiedni kolor" time="0.004">
    </testcase>
  </testsuite>
</testsuites>